c:\users\ilya\source\repos\agiborcraft2.0\agiborcraft2.0\x64\release\vc143.pdb
c:\users\ilya\source\repos\agiborcraft2.0\agiborcraft2.0\x64\release\shader.obj
c:\users\ilya\source\repos\agiborcraft2.0\agiborcraft2.0\x64\release\owindow.obj
c:\users\ilya\source\repos\agiborcraft2.0\agiborcraft2.0\x64\release\ogame.obj
c:\users\ilya\source\repos\agiborcraft2.0\agiborcraft2.0\x64\release\indexbuffer.obj
c:\users\ilya\source\repos\agiborcraft2.0\agiborcraft2.0\x64\release\vertexbuffer.obj
c:\users\ilya\source\repos\agiborcraft2.0\agiborcraft2.0\x64\release\renderer.obj
c:\users\ilya\source\repos\agiborcraft2.0\agiborcraft2.0\x64\release\player.obj
c:\users\ilya\source\repos\agiborcraft2.0\agiborcraft2.0\x64\release\mvp.obj
c:\users\ilya\source\repos\agiborcraft2.0\agiborcraft2.0\x64\release\cubegfx.obj
c:\users\ilya\source\repos\agiborcraft2.0\agiborcraft2.0\x64\release\camera.obj
c:\users\ilya\source\repos\agiborcraft2.0\agiborcraft2.0\x64\release\block.obj
c:\users\ilya\source\repos\agiborcraft2.0\agiborcraft2.0\x64\release\imgui_widgets.obj
c:\users\ilya\source\repos\agiborcraft2.0\agiborcraft2.0\x64\release\imgui_tables.obj
c:\users\ilya\source\repos\agiborcraft2.0\agiborcraft2.0\x64\release\imgui_impl_win32.obj
c:\users\ilya\source\repos\agiborcraft2.0\agiborcraft2.0\x64\release\imgui_impl_opengl3.obj
c:\users\ilya\source\repos\agiborcraft2.0\agiborcraft2.0\x64\release\imgui_draw.obj
c:\users\ilya\source\repos\agiborcraft2.0\agiborcraft2.0\x64\release\imgui_demo.obj
c:\users\ilya\source\repos\agiborcraft2.0\agiborcraft2.0\x64\release\imgui.obj
c:\users\ilya\source\repos\agiborcraft2.0\agiborcraft2.0\x64\release\glm.obj
c:\users\ilya\source\repos\agiborcraft2.0\agiborcraft2.0\x64\release\main.obj
c:\users\ilya\source\repos\agiborcraft2.0\agiborcraft2.0\x64\release\vertexbyfferlayout.obj
c:\users\ilya\source\repos\agiborcraft2.0\agiborcraft2.0\x64\release\chunk.obj
c:\users\ilya\source\repos\agiborcraft2.0\agiborcraft2.0\x64\release\world.obj
c:\users\ilya\source\repos\agiborcraft2.0\agiborcraft2.0\x64\release\instancebuffer.obj
c:\users\ilya\source\repos\agiborcraft2.0\x64\release\agiborcraft2.0.exe
c:\users\ilya\source\repos\agiborcraft2.0\x64\release\agiborcraft2.0.pdb
c:\users\ilya\source\repos\agiborcraft2.0\agiborcraft2.0\x64\release\agiborcraft2.0.iobj
c:\users\ilya\source\repos\agiborcraft2.0\agiborcraft2.0\x64\release\agiborcraft2.0.ipdb
c:\users\ilya\source\repos\agiborcraft2.0\agiborcraft2.0\x64\release\agiborcraft2.0.tlog\cl.command.1.tlog
c:\users\ilya\source\repos\agiborcraft2.0\agiborcraft2.0\x64\release\agiborcraft2.0.tlog\cl.read.1.tlog
c:\users\ilya\source\repos\agiborcraft2.0\agiborcraft2.0\x64\release\agiborcraft2.0.tlog\cl.write.1.tlog
c:\users\ilya\source\repos\agiborcraft2.0\agiborcraft2.0\x64\release\agiborcraft2.0.tlog\link.command.1.tlog
c:\users\ilya\source\repos\agiborcraft2.0\agiborcraft2.0\x64\release\agiborcraft2.0.tlog\link.read.1.tlog
c:\users\ilya\source\repos\agiborcraft2.0\agiborcraft2.0\x64\release\agiborcraft2.0.tlog\link.write.1.tlog
